{
  "RSpec": {
    "coverage": {
      "/Users/tmbrunil/Documents/CS_Hki/ratebeer3/app/models/rating.rb": [
        1,
        1,
        null,
        null,
        null,
        1,
        1,
        null,
        1,
        7,
        null,
        null
      ],
      "/Users/tmbrunil/Documents/CS_Hki/ratebeer3/app/helpers/application_helper.rb": [
        1,
        null
      ],
      "/Users/tmbrunil/Documents/CS_Hki/ratebeer3/app/helpers/beer_clubs_helper.rb": [
        1,
        null
      ],
      "/Users/tmbrunil/Documents/CS_Hki/ratebeer3/app/helpers/beers_helper.rb": [
        1,
        null
      ],
      "/Users/tmbrunil/Documents/CS_Hki/ratebeer3/app/helpers/breweries_helper.rb": [
        1,
        null
      ],
      "/Users/tmbrunil/Documents/CS_Hki/ratebeer3/app/helpers/memberships_helper.rb": [
        1,
        null
      ],
      "/Users/tmbrunil/Documents/CS_Hki/ratebeer3/app/helpers/users_helper.rb": [
        1,
        null
      ],
      "/Users/tmbrunil/Documents/CS_Hki/ratebeer3/app/models/beer.rb": [
        1,
        1,
        null,
        1,
        null,
        1,
        1,
        1,
        null,
        1,
        8,
        null,
        null,
        null
      ],
      "/Users/tmbrunil/Documents/CS_Hki/ratebeer3/app/models/concerns/rating_average.rb": [
        1,
        1,
        null,
        1,
        5,
        null,
        null
      ],
      "/Users/tmbrunil/Documents/CS_Hki/ratebeer3/app/models/brewery.rb": [
        1,
        1,
        null,
        1,
        29,
        null,
        1,
        1,
        null
      ],
      "/Users/tmbrunil/Documents/CS_Hki/ratebeer3/app/models/user.rb": [
        1,
        1,
        null,
        1,
        null,
        null,
        1,
        null,
        null,
        null,
        null,
        null,
        1,
        1,
        1,
        1,
        null,
        1,
        null,
        1,
        3,
        2,
        null,
        null,
        null
      ],
      "/Users/tmbrunil/Documents/CS_Hki/ratebeer3/app/controllers/sessions_controller.rb": [
        1,
        1,
        null,
        null,
        1,
        9,
        9,
        8,
        8,
        null,
        1,
        null,
        null,
        null,
        1,
        0,
        0,
        null,
        null
      ],
      "/Users/tmbrunil/Documents/CS_Hki/ratebeer3/app/controllers/application_controller.rb": [
        1,
        null,
        null,
        1,
        null,
        1,
        null,
        1,
        125,
        108,
        null,
        null,
        1,
        4,
        null,
        null
      ],
      "/Users/tmbrunil/Documents/CS_Hki/ratebeer3/app/controllers/users_controller.rb": [
        1,
        1,
        null,
        null,
        null,
        1,
        0,
        null,
        null,
        null,
        null,
        1,
        null,
        null,
        null,
        1,
        1,
        null,
        null,
        null,
        1,
        null,
        null,
        null,
        null,
        1,
        1,
        null,
        1,
        1,
        2,
        1,
        null,
        0,
        0,
        null,
        null,
        null,
        null,
        null,
        null,
        1,
        0,
        0,
        0,
        0,
        null,
        0,
        0,
        null,
        null,
        null,
        null,
        null,
        null,
        1,
        0,
        0,
        0,
        null,
        0,
        0,
        0,
        null,
        null,
        null,
        1,
        null,
        1,
        15,
        null,
        null,
        null,
        1,
        1,
        null,
        null
      ],
      "/Users/tmbrunil/Documents/CS_Hki/ratebeer3/app/models/membership.rb": [
        1,
        1,
        1,
        null
      ],
      "/Users/tmbrunil/Documents/CS_Hki/ratebeer3/app/models/beer_club.rb": [
        1,
        1,
        1,
        null
      ],
      "/Users/tmbrunil/Documents/CS_Hki/ratebeer3/app/controllers/beers_controller.rb": [
        1,
        1,
        1,
        1,
        null,
        null,
        null,
        1,
        1,
        null,
        null,
        null,
        null,
        1,
        null,
        null,
        1,
        4,
        4,
        null,
        null,
        null,
        1,
        2,
        null,
        null,
        null,
        1,
        null,
        null,
        null,
        null,
        1,
        2,
        null,
        2,
        2,
        2,
        1,
        null,
        2,
        1,
        null,
        null,
        null,
        null,
        null,
        null,
        1,
        0,
        0,
        0,
        0,
        null,
        0,
        0,
        null,
        null,
        null,
        null,
        null,
        null,
        1,
        0,
        0,
        0,
        0,
        null,
        null,
        null,
        1,
        null,
        1,
        0,
        null,
        null,
        null,
        1,
        2,
        null,
        null
      ],
      "/Users/tmbrunil/Documents/CS_Hki/ratebeer3/app/controllers/breweries_controller.rb": [
        1,
        1,
        1,
        null,
        null,
        null,
        1,
        3,
        null,
        null,
        null,
        null,
        1,
        null,
        null,
        null,
        1,
        0,
        null,
        null,
        null,
        1,
        null,
        null,
        null,
        null,
        1,
        0,
        null,
        0,
        0,
        0,
        0,
        null,
        0,
        0,
        null,
        null,
        null,
        null,
        null,
        null,
        1,
        0,
        0,
        0,
        0,
        null,
        0,
        0,
        null,
        null,
        null,
        null,
        null,
        null,
        1,
        0,
        0,
        0,
        0,
        null,
        null,
        null,
        1,
        null,
        1,
        1,
        null,
        null,
        null,
        1,
        0,
        null,
        null
      ],
      "/Users/tmbrunil/Documents/CS_Hki/ratebeer3/app/controllers/ratings_controller.rb": [
        1,
        1,
        2,
        null,
        null,
        1,
        4,
        4,
        null,
        null,
        1,
        4,
        null,
        4,
        0,
        4,
        4,
        4,
        null,
        0,
        0,
        null,
        null,
        null,
        1,
        0,
        0,
        0,
        null,
        null
      ],
      "/Users/tmbrunil/Documents/CS_Hki/ratebeer3/app/controllers/beer_clubs_controller.rb": [
        0,
        0,
        0,
        0,
        0,
        0,
        0,
        0,
        0,
        0,
        0,
        0,
        0,
        0,
        0,
        0,
        0,
        0,
        0,
        0,
        0,
        0,
        0,
        0,
        0,
        0,
        0,
        0,
        0,
        0,
        0,
        0,
        0,
        0,
        0,
        0,
        0,
        0,
        0,
        0,
        0,
        0,
        0,
        0,
        0,
        0,
        0,
        0,
        0,
        0,
        0,
        0,
        0,
        0,
        0,
        0,
        0,
        0,
        0,
        0,
        0,
        0,
        0,
        0,
        0,
        0,
        0,
        0,
        0,
        0,
        0,
        0,
        0,
        0,
        0
      ],
      "/Users/tmbrunil/Documents/CS_Hki/ratebeer3/app/controllers/memberships_controller.rb": [
        0,
        0,
        0,
        0,
        0,
        0,
        0,
        0,
        0,
        0,
        0,
        0,
        0,
        0,
        0,
        0,
        0,
        0,
        0,
        0,
        0,
        0,
        0,
        0,
        0,
        0,
        0,
        0,
        0,
        0,
        0,
        0,
        0,
        0,
        0,
        0,
        0,
        0,
        0,
        0,
        0,
        0,
        0,
        0,
        0,
        0,
        0,
        0,
        0,
        0,
        0,
        0,
        0,
        0,
        0,
        0,
        0,
        0,
        0,
        0,
        0,
        0,
        0,
        0,
        0,
        0,
        0,
        0,
        0,
        0,
        0,
        0,
        0,
        0
      ]
    },
    "timestamp": 1455653676
  }
}
